<?xml version="1.0" encoding="UTF-8"?>
<!-- Generated by org.testng.reporters.JUnitXMLReporter -->
<testsuite hostname="DESKTOP-GE6RJF5" failures="0" tests="4" name="Default test" time="196.511" errors="0" timestamp="7 Aug 2019 18:33:48 GMT">
  <testcase classname="org.testing.TestScripts.TestCase6" name="TC6" time="25.948"/>
  <testcase classname="org.testing.TestScripts.TestCase6" name="TC6" time="25.587"/>
  <testcase classname="org.testing.TestScripts.TestCase6" name="TC6" time="25.899"/>
  <testcase classname="org.testing.TestScripts.TestCase6" name="TC6" time="25.345"/>
</testsuite> <!-- Default test -->
