<?xml version="1.0" encoding="UTF-8"?>
<testng-results total="4" passed="4" failed="0" skipped="0">
  <reporter-output>
  </reporter-output>
  <suite started-at="2019-08-07T18:30:31Z" name="Default suite" finished-at="2019-08-07T18:33:48Z" duration-ms="196511">
    <groups>
    </groups>
    <test started-at="2019-08-07T18:30:31Z" name="Default test" finished-at="2019-08-07T18:33:48Z" duration-ms="196511">
      <class name="org.testing.TestScripts.TestCase6">
        <test-method is-config="true" signature="bmethod()[pri:0, instance:org.testing.TestScripts.TestCase6@657c8ad9]" started-at="2019-08-08T00:00:31Z" name="bmethod" finished-at="2019-08-08T00:01:01Z" duration-ms="29102" status="PASS">
          <reporter-output>
          </reporter-output>
        </test-method> <!-- bmethod -->
        <test-method signature="TC6(java.lang.String, java.lang.String)[pri:0, instance:org.testing.TestScripts.TestCase6@657c8ad9]" started-at="2019-08-08T00:01:01Z" name="TC6" data-provider="DP1" finished-at="2019-08-08T00:01:26Z" duration-ms="25948" status="PASS">
          <params>
            <param index="0">
              <value>
                <![CDATA[dummyonebeingcreated@gmail.com]]>
              </value>
            </param>
            <param index="1">
              <value>
                <![CDATA[9582148809]]>
              </value>
            </param>
          </params>
          <reporter-output>
          </reporter-output>
        </test-method> <!-- TC6 -->
        <test-method is-config="true" signature="AfterM()[pri:0, instance:org.testing.TestScripts.TestCase6@657c8ad9]" started-at="2019-08-08T00:01:26Z" name="AfterM" finished-at="2019-08-08T00:01:29Z" duration-ms="2174" status="PASS">
          <reporter-output>
          </reporter-output>
        </test-method> <!-- AfterM -->
        <test-method is-config="true" signature="bmethod()[pri:0, instance:org.testing.TestScripts.TestCase6@657c8ad9]" started-at="2019-08-08T00:01:29Z" name="bmethod" finished-at="2019-08-08T00:01:44Z" duration-ms="15434" status="PASS">
          <reporter-output>
          </reporter-output>
        </test-method> <!-- bmethod -->
        <test-method signature="TC6(java.lang.String, java.lang.String)[pri:0, instance:org.testing.TestScripts.TestCase6@657c8ad9]" started-at="2019-08-08T00:01:44Z" name="TC6" data-provider="DP1" finished-at="2019-08-08T00:02:10Z" duration-ms="25587" status="PASS">
          <params>
            <param index="0">
              <value>
                <![CDATA[dummyonebeingcreated@gmail.com]]>
              </value>
            </param>
            <param index="1">
              <value>
                <![CDATA[9582148809]]>
              </value>
            </param>
          </params>
          <reporter-output>
          </reporter-output>
        </test-method> <!-- TC6 -->
        <test-method is-config="true" signature="AfterM()[pri:0, instance:org.testing.TestScripts.TestCase6@657c8ad9]" started-at="2019-08-08T00:02:10Z" name="AfterM" finished-at="2019-08-08T00:02:12Z" duration-ms="2181" status="PASS">
          <reporter-output>
          </reporter-output>
        </test-method> <!-- AfterM -->
        <test-method is-config="true" signature="bmethod()[pri:0, instance:org.testing.TestScripts.TestCase6@657c8ad9]" started-at="2019-08-08T00:02:12Z" name="bmethod" finished-at="2019-08-08T00:02:37Z" duration-ms="25135" status="PASS">
          <reporter-output>
          </reporter-output>
        </test-method> <!-- bmethod -->
        <test-method signature="TC6(java.lang.String, java.lang.String)[pri:0, instance:org.testing.TestScripts.TestCase6@657c8ad9]" started-at="2019-08-08T00:02:37Z" name="TC6" data-provider="DP1" finished-at="2019-08-08T00:03:03Z" duration-ms="25899" status="PASS">
          <params>
            <param index="0">
              <value>
                <![CDATA[dummyonebeingcreated@gmail.com]]>
              </value>
            </param>
            <param index="1">
              <value>
                <![CDATA[9582148809]]>
              </value>
            </param>
          </params>
          <reporter-output>
          </reporter-output>
        </test-method> <!-- TC6 -->
        <test-method is-config="true" signature="AfterM()[pri:0, instance:org.testing.TestScripts.TestCase6@657c8ad9]" started-at="2019-08-08T00:03:03Z" name="AfterM" finished-at="2019-08-08T00:03:05Z" duration-ms="2137" status="PASS">
          <reporter-output>
          </reporter-output>
        </test-method> <!-- AfterM -->
        <test-method is-config="true" signature="bmethod()[pri:0, instance:org.testing.TestScripts.TestCase6@657c8ad9]" started-at="2019-08-08T00:03:05Z" name="bmethod" finished-at="2019-08-08T00:03:20Z" duration-ms="15211" status="PASS">
          <reporter-output>
          </reporter-output>
        </test-method> <!-- bmethod -->
        <test-method signature="TC6(java.lang.String, java.lang.String)[pri:0, instance:org.testing.TestScripts.TestCase6@657c8ad9]" started-at="2019-08-08T00:03:20Z" name="TC6" data-provider="DP1" finished-at="2019-08-08T00:03:46Z" duration-ms="25345" status="PASS">
          <params>
            <param index="0">
              <value>
                <![CDATA[dummyonebeingcreated@gmail.com]]>
              </value>
            </param>
            <param index="1">
              <value>
                <![CDATA[9582148809]]>
              </value>
            </param>
          </params>
          <reporter-output>
          </reporter-output>
        </test-method> <!-- TC6 -->
        <test-method is-config="true" signature="AfterM()[pri:0, instance:org.testing.TestScripts.TestCase6@657c8ad9]" started-at="2019-08-08T00:03:46Z" name="AfterM" finished-at="2019-08-08T00:03:48Z" duration-ms="2158" status="PASS">
          <reporter-output>
          </reporter-output>
        </test-method> <!-- AfterM -->
      </class> <!-- org.testing.TestScripts.TestCase6 -->
    </test> <!-- Default test -->
  </suite> <!-- Default suite -->
</testng-results>
